mode: atomic
github.com/docker/swarmkit/manager/allocator/network/ipam/ipam.go:61.46,66.2 1 54
github.com/docker/swarmkit/manager/allocator/network/ipam/ipam.go:70.125,72.30 1 36
github.com/docker/swarmkit/manager/allocator/network/ipam/ipam.go:185.2,185.37 1 34
github.com/docker/swarmkit/manager/allocator/network/ipam/ipam.go:202.2,202.41 1 34
github.com/docker/swarmkit/manager/allocator/network/ipam/ipam.go:217.2,217.12 1 34
github.com/docker/swarmkit/manager/allocator/network/ipam/ipam.go:72.30,81.30 1 48
github.com/docker/swarmkit/manager/allocator/network/ipam/ipam.go:84.3,91.22 4 45
github.com/docker/swarmkit/manager/allocator/network/ipam/ipam.go:97.3,102.18 3 45
github.com/docker/swarmkit/manager/allocator/network/ipam/ipam.go:105.3,107.17 2 44
github.com/docker/swarmkit/manager/allocator/network/ipam/ipam.go:115.3,115.48 1 43
github.com/docker/swarmkit/manager/allocator/network/ipam/ipam.go:81.30,82.12 1 3
github.com/docker/swarmkit/manager/allocator/network/ipam/ipam.go:91.22,93.4 1 27
github.com/docker/swarmkit/manager/allocator/network/ipam/ipam.go:102.18,104.4 1 1
github.com/docker/swarmkit/manager/allocator/network/ipam/ipam.go:107.17,109.4 1 1
github.com/docker/swarmkit/manager/allocator/network/ipam/ipam.go:115.48,119.18 2 61
github.com/docker/swarmkit/manager/allocator/network/ipam/ipam.go:134.4,144.28 3 61
github.com/docker/swarmkit/manager/allocator/network/ipam/ipam.go:175.4,178.35 2 61
github.com/docker/swarmkit/manager/allocator/network/ipam/ipam.go:119.18,129.5 1 0
github.com/docker/swarmkit/manager/allocator/network/ipam/ipam.go:144.28,146.19 2 61
github.com/docker/swarmkit/manager/allocator/network/ipam/ipam.go:146.19,151.6 1 0
github.com/docker/swarmkit/manager/allocator/network/ipam/ipam.go:185.37,186.43 1 16
github.com/docker/swarmkit/manager/allocator/network/ipam/ipam.go:186.43,193.18 1 16
github.com/docker/swarmkit/manager/allocator/network/ipam/ipam.go:193.18,194.69 1 16
github.com/docker/swarmkit/manager/allocator/network/ipam/ipam.go:194.69,196.6 1 0
github.com/docker/swarmkit/manager/allocator/network/ipam/ipam.go:202.41,205.53 1 12
github.com/docker/swarmkit/manager/allocator/network/ipam/ipam.go:205.53,207.46 2 9
github.com/docker/swarmkit/manager/allocator/network/ipam/ipam.go:207.46,208.56 1 9
github.com/docker/swarmkit/manager/allocator/network/ipam/ipam.go:208.56,210.6 1 0
github.com/docker/swarmkit/manager/allocator/network/ipam/ipam.go:223.71,225.19 1 25
github.com/docker/swarmkit/manager/allocator/network/ipam/ipam.go:229.2,230.9 2 25
github.com/docker/swarmkit/manager/allocator/network/ipam/ipam.go:233.2,234.17 2 25
github.com/docker/swarmkit/manager/allocator/network/ipam/ipam.go:239.2,244.16 3 25
github.com/docker/swarmkit/manager/allocator/network/ipam/ipam.go:260.2,260.37 1 25
github.com/docker/swarmkit/manager/allocator/network/ipam/ipam.go:283.2,288.3 1 0
github.com/docker/swarmkit/manager/allocator/network/ipam/ipam.go:225.19,227.3 1 0
github.com/docker/swarmkit/manager/allocator/network/ipam/ipam.go:230.9,232.3 1 0
github.com/docker/swarmkit/manager/allocator/network/ipam/ipam.go:234.17,238.3 1 0
github.com/docker/swarmkit/manager/allocator/network/ipam/ipam.go:244.16,246.18 2 18
github.com/docker/swarmkit/manager/allocator/network/ipam/ipam.go:246.18,248.4 1 0
github.com/docker/swarmkit/manager/allocator/network/ipam/ipam.go:260.37,262.37 2 25
github.com/docker/swarmkit/manager/allocator/network/ipam/ipam.go:265.3,265.17 1 25
github.com/docker/swarmkit/manager/allocator/network/ipam/ipam.go:275.3,276.13 2 25
github.com/docker/swarmkit/manager/allocator/network/ipam/ipam.go:262.37,263.12 1 0
github.com/docker/swarmkit/manager/allocator/network/ipam/ipam.go:265.17,272.4 1 0
github.com/docker/swarmkit/manager/allocator/network/ipam/ipam.go:296.66,299.35 1 26
github.com/docker/swarmkit/manager/allocator/network/ipam/ipam.go:305.2,306.86 2 25
github.com/docker/swarmkit/manager/allocator/network/ipam/ipam.go:309.2,310.17 2 25
github.com/docker/swarmkit/manager/allocator/network/ipam/ipam.go:316.2,317.90 2 23
github.com/docker/swarmkit/manager/allocator/network/ipam/ipam.go:325.2,325.55 1 23
github.com/docker/swarmkit/manager/allocator/network/ipam/ipam.go:329.2,330.16 2 23
github.com/docker/swarmkit/manager/allocator/network/ipam/ipam.go:335.2,341.57 3 22
github.com/docker/swarmkit/manager/allocator/network/ipam/ipam.go:353.2,356.15 2 22
github.com/docker/swarmkit/manager/allocator/network/ipam/ipam.go:390.2,390.41 1 22
github.com/docker/swarmkit/manager/allocator/network/ipam/ipam.go:455.2,465.12 4 13
github.com/docker/swarmkit/manager/allocator/network/ipam/ipam.go:299.35,301.3 1 1
github.com/docker/swarmkit/manager/allocator/network/ipam/ipam.go:306.86,308.3 1 6
github.com/docker/swarmkit/manager/allocator/network/ipam/ipam.go:310.17,312.3 1 2
github.com/docker/swarmkit/manager/allocator/network/ipam/ipam.go:317.90,319.3 1 3
github.com/docker/swarmkit/manager/allocator/network/ipam/ipam.go:325.55,327.3 1 23
github.com/docker/swarmkit/manager/allocator/network/ipam/ipam.go:330.16,332.3 1 1
github.com/docker/swarmkit/manager/allocator/network/ipam/ipam.go:341.57,344.3 1 9
github.com/docker/swarmkit/manager/allocator/network/ipam/ipam.go:344.3,351.3 1 13
github.com/docker/swarmkit/manager/allocator/network/ipam/ipam.go:356.15,357.18 1 22
github.com/docker/swarmkit/manager/allocator/network/ipam/ipam.go:357.18,358.40 1 9
github.com/docker/swarmkit/manager/allocator/network/ipam/ipam.go:371.4,371.37 1 8
github.com/docker/swarmkit/manager/allocator/network/ipam/ipam.go:358.40,360.53 1 6
github.com/docker/swarmkit/manager/allocator/network/ipam/ipam.go:360.53,361.80 1 6
github.com/docker/swarmkit/manager/allocator/network/ipam/ipam.go:361.80,368.7 2 1
github.com/docker/swarmkit/manager/allocator/network/ipam/ipam.go:371.37,372.50 1 11
github.com/docker/swarmkit/manager/allocator/network/ipam/ipam.go:372.50,379.6 2 1
github.com/docker/swarmkit/manager/allocator/network/ipam/ipam.go:390.41,395.17 3 28
github.com/docker/swarmkit/manager/allocator/network/ipam/ipam.go:409.3,421.44 3 27
github.com/docker/swarmkit/manager/allocator/network/ipam/ipam.go:432.3,434.42 3 26
github.com/docker/swarmkit/manager/allocator/network/ipam/ipam.go:445.3,445.26 1 19
github.com/docker/swarmkit/manager/allocator/network/ipam/ipam.go:448.3,448.27 1 19
github.com/docker/swarmkit/manager/allocator/network/ipam/ipam.go:451.3,451.46 1 19
github.com/docker/swarmkit/manager/allocator/network/ipam/ipam.go:395.17,396.48 1 1
github.com/docker/swarmkit/manager/allocator/network/ipam/ipam.go:399.4,399.37 1 1
github.com/docker/swarmkit/manager/allocator/network/ipam/ipam.go:404.4,404.47 1 1
github.com/docker/swarmkit/manager/allocator/network/ipam/ipam.go:407.4,407.86 1 1
github.com/docker/swarmkit/manager/allocator/network/ipam/ipam.go:396.48,398.5 1 0
github.com/docker/swarmkit/manager/allocator/network/ipam/ipam.go:399.37,403.5 1 0
github.com/docker/swarmkit/manager/allocator/network/ipam/ipam.go:404.47,406.5 1 0
github.com/docker/swarmkit/manager/allocator/network/ipam/ipam.go:421.44,422.54 1 25
github.com/docker/swarmkit/manager/allocator/network/ipam/ipam.go:428.4,428.16 1 24
github.com/docker/swarmkit/manager/allocator/network/ipam/ipam.go:422.54,427.5 1 1
github.com/docker/swarmkit/manager/allocator/network/ipam/ipam.go:434.42,436.18 2 11
github.com/docker/swarmkit/manager/allocator/network/ipam/ipam.go:436.18,437.45 1 7
github.com/docker/swarmkit/manager/allocator/network/ipam/ipam.go:440.5,442.6 1 7
github.com/docker/swarmkit/manager/allocator/network/ipam/ipam.go:437.45,439.6 1 0
github.com/docker/swarmkit/manager/allocator/network/ipam/ipam.go:445.26,447.4 1 19
github.com/docker/swarmkit/manager/allocator/network/ipam/ipam.go:448.27,450.4 1 17
github.com/docker/swarmkit/manager/allocator/network/ipam/ipam.go:470.61,472.9 2 0
github.com/docker/swarmkit/manager/allocator/network/ipam/ipam.go:479.2,481.47 2 0
github.com/docker/swarmkit/manager/allocator/network/ipam/ipam.go:487.2,487.32 1 0
github.com/docker/swarmkit/manager/allocator/network/ipam/ipam.go:472.9,475.3 1 0
github.com/docker/swarmkit/manager/allocator/network/ipam/ipam.go:481.47,486.3 2 0
github.com/docker/swarmkit/manager/allocator/network/ipam/ipam.go:491.92,494.26 1 11
github.com/docker/swarmkit/manager/allocator/network/ipam/ipam.go:503.2,503.34 1 11
github.com/docker/swarmkit/manager/allocator/network/ipam/ipam.go:510.2,529.42 4 10
github.com/docker/swarmkit/manager/allocator/network/ipam/ipam.go:541.1,542.34 1 10
github.com/docker/swarmkit/manager/allocator/network/ipam/ipam.go:552.2,557.32 3 10
github.com/docker/swarmkit/manager/allocator/network/ipam/ipam.go:603.2,604.12 2 10
github.com/docker/swarmkit/manager/allocator/network/ipam/ipam.go:494.26,495.60 1 0
github.com/docker/swarmkit/manager/allocator/network/ipam/ipam.go:495.60,498.4 2 0
github.com/docker/swarmkit/manager/allocator/network/ipam/ipam.go:503.34,504.37 1 14
github.com/docker/swarmkit/manager/allocator/network/ipam/ipam.go:504.37,506.4 1 1
github.com/docker/swarmkit/manager/allocator/network/ipam/ipam.go:529.42,530.35 1 7
github.com/docker/swarmkit/manager/allocator/network/ipam/ipam.go:536.3,536.39 1 5
github.com/docker/swarmkit/manager/allocator/network/ipam/ipam.go:530.35,531.29 1 5
github.com/docker/swarmkit/manager/allocator/network/ipam/ipam.go:531.29,533.18 2 2
github.com/docker/swarmkit/manager/allocator/network/ipam/ipam.go:542.34,543.43 1 13
github.com/docker/swarmkit/manager/allocator/network/ipam/ipam.go:548.3,548.36 1 11
github.com/docker/swarmkit/manager/allocator/network/ipam/ipam.go:543.43,544.29 1 7
github.com/docker/swarmkit/manager/allocator/network/ipam/ipam.go:544.29,545.21 1 2
github.com/docker/swarmkit/manager/allocator/network/ipam/ipam.go:557.32,568.38 4 11
github.com/docker/swarmkit/manager/allocator/network/ipam/ipam.go:598.3,598.92 1 0
github.com/docker/swarmkit/manager/allocator/network/ipam/ipam.go:568.38,573.18 2 11
github.com/docker/swarmkit/manager/allocator/network/ipam/ipam.go:592.4,592.40 1 0
github.com/docker/swarmkit/manager/allocator/network/ipam/ipam.go:573.18,587.26 3 11
github.com/docker/swarmkit/manager/allocator/network/ipam/ipam.go:592.40,594.5 1 0
github.com/docker/swarmkit/manager/allocator/network/ipam/ipam.go:608.60,610.2 1 0
github.com/docker/swarmkit/manager/allocator/network/ipam/ipam.go:612.74,613.33 1 10
github.com/docker/swarmkit/manager/allocator/network/ipam/ipam.go:613.33,639.3 6 5
github.com/docker/swarmkit/manager/allocator/network/ipam/ipam.go:648.132,653.15 2 7
github.com/docker/swarmkit/manager/allocator/network/ipam/ipam.go:659.2,659.33 1 7
github.com/docker/swarmkit/manager/allocator/network/ipam/ipam.go:746.2,746.30 1 5
github.com/docker/swarmkit/manager/allocator/network/ipam/ipam.go:653.15,654.18 1 7
github.com/docker/swarmkit/manager/allocator/network/ipam/ipam.go:654.18,656.4 1 2
github.com/docker/swarmkit/manager/allocator/network/ipam/ipam.go:659.33,664.10 2 14
github.com/docker/swarmkit/manager/allocator/network/ipam/ipam.go:668.3,687.26 6 14
github.com/docker/swarmkit/manager/allocator/network/ipam/ipam.go:690.2,691.37 1 14
github.com/docker/swarmkit/manager/allocator/network/ipam/ipam.go:664.10,666.4 1 0
github.com/docker/swarmkit/manager/allocator/network/ipam/ipam.go:687.26,689.4 1 7
github.com/docker/swarmkit/manager/allocator/network/ipam/ipam.go:691.37,693.21 2 14
github.com/docker/swarmkit/manager/allocator/network/ipam/ipam.go:705.4,705.39 1 14
github.com/docker/swarmkit/manager/allocator/network/ipam/ipam.go:735.4,735.21 1 0
github.com/docker/swarmkit/manager/allocator/network/ipam/ipam.go:693.21,696.19 3 7
github.com/docker/swarmkit/manager/allocator/network/ipam/ipam.go:696.19,698.26 2 7
github.com/docker/swarmkit/manager/allocator/network/ipam/ipam.go:698.26,700.7 1 0
github.com/docker/swarmkit/manager/allocator/network/ipam/ipam.go:705.39,708.19 3 14
github.com/docker/swarmkit/manager/allocator/network/ipam/ipam.go:719.5,719.75 1 2
github.com/docker/swarmkit/manager/allocator/network/ipam/ipam.go:722.5,722.45 1 2
github.com/docker/swarmkit/manager/allocator/network/ipam/ipam.go:727.5,727.84 1 2
github.com/docker/swarmkit/manager/allocator/network/ipam/ipam.go:708.19,714.25 3 12
github.com/docker/swarmkit/manager/allocator/network/ipam/ipam.go:719.75,720.14 1 0
github.com/docker/swarmkit/manager/allocator/network/ipam/ipam.go:722.45,724.6 1 0
github.com/docker/swarmkit/manager/allocator/network/ipam/ipam.go:735.21,741.5 1 0
github.com/docker/swarmkit/manager/allocator/network/ipam/ipam.go:749.81,751.2 1 0
github.com/docker/swarmkit/manager/allocator/network/ipam/ipam.go:753.81,754.41 1 2
github.com/docker/swarmkit/manager/allocator/network/ipam/ipam.go:754.41,759.48 3 4
github.com/docker/swarmkit/manager/allocator/network/ipam/ipam.go:759.48,767.4 4 2
